[     128ms] [WARNING] Skipped "*/*" because it is not a valid MIME type. Check https://developer.mozilla.org/en-US/docs/Web/HTTP/Basics_of_HTTP/MIME_types/Common_types for a list of valid MIME types. @ http://localhost:8001/assets/index-Dfxzo6t5.js:9196
[     129ms] [WARNING] Skipped "*/*" because it is not a valid MIME type. Check https://developer.mozilla.org/en-US/docs/Web/HTTP/Basics_of_HTTP/MIME_types/Common_types for a list of valid MIME types. @ http://localhost:8001/assets/index-Dfxzo6t5.js:9196
[     134ms] [WARNING] Skipped "*/*" because it is not a valid MIME type. Check https://developer.mozilla.org/en-US/docs/Web/HTTP/Basics_of_HTTP/MIME_types/Common_types for a list of valid MIME types. @ http://localhost:8001/assets/index-Dfxzo6t5.js:9196
[     337ms] [WARNING] Skipped "*/*" because it is not a valid MIME type. Check https://developer.mozilla.org/en-US/docs/Web/HTTP/Basics_of_HTTP/MIME_types/Common_types for a list of valid MIME types. @ http://localhost:8001/assets/index-Dfxzo6t5.js:9196
[     338ms] [WARNING] Skipped "*/*" because it is not a valid MIME type. Check https://developer.mozilla.org/en-US/docs/Web/HTTP/Basics_of_HTTP/MIME_types/Common_types for a list of valid MIME types. @ http://localhost:8001/assets/index-Dfxzo6t5.js:9196
[     348ms] [WARNING] Skipped "*/*" because it is not a valid MIME type. Check https://developer.mozilla.org/en-US/docs/Web/HTTP/Basics_of_HTTP/MIME_types/Common_types for a list of valid MIME types. @ http://localhost:8001/assets/index-Dfxzo6t5.js:9196
[     349ms] [WARNING] Skipped "*/*" because it is not a valid MIME type. Check https://developer.mozilla.org/en-US/docs/Web/HTTP/Basics_of_HTTP/MIME_types/Common_types for a list of valid MIME types. @ http://localhost:8001/assets/index-Dfxzo6t5.js:9196
[     354ms] [WARNING] Skipped "*/*" because it is not a valid MIME type. Check https://developer.mozilla.org/en-US/docs/Web/HTTP/Basics_of_HTTP/MIME_types/Common_types for a list of valid MIME types. @ http://localhost:8001/assets/index-Dfxzo6t5.js:9196
[     354ms] [WARNING] Skipped "*/*" because it is not a valid MIME type. Check https://developer.mozilla.org/en-US/docs/Web/HTTP/Basics_of_HTTP/MIME_types/Common_types for a list of valid MIME types. @ http://localhost:8001/assets/index-Dfxzo6t5.js:9196
[     355ms] [WARNING] Skipped "*/*" because it is not a valid MIME type. Check https://developer.mozilla.org/en-US/docs/Web/HTTP/Basics_of_HTTP/MIME_types/Common_types for a list of valid MIME types. @ http://localhost:8001/assets/index-Dfxzo6t5.js:9196
[     356ms] [WARNING] Skipped "*/*" because it is not a valid MIME type. Check https://developer.mozilla.org/en-US/docs/Web/HTTP/Basics_of_HTTP/MIME_types/Common_types for a list of valid MIME types. @ http://localhost:8001/assets/index-Dfxzo6t5.js:9196
[     356ms] [WARNING] Skipped "*/*" because it is not a valid MIME type. Check https://developer.mozilla.org/en-US/docs/Web/HTTP/Basics_of_HTTP/MIME_types/Common_types for a list of valid MIME types. @ http://localhost:8001/assets/index-Dfxzo6t5.js:9196
[     358ms] [WARNING] Skipped "*/*" because it is not a valid MIME type. Check https://developer.mozilla.org/en-US/docs/Web/HTTP/Basics_of_HTTP/MIME_types/Common_types for a list of valid MIME types. @ http://localhost:8001/assets/index-Dfxzo6t5.js:9196
[     361ms] [WARNING] Skipped "*/*" because it is not a valid MIME type. Check https://developer.mozilla.org/en-US/docs/Web/HTTP/Basics_of_HTTP/MIME_types/Common_types for a list of valid MIME types. @ http://localhost:8001/assets/index-Dfxzo6t5.js:9196
[     361ms] [WARNING] Skipped "*/*" because it is not a valid MIME type. Check https://developer.mozilla.org/en-US/docs/Web/HTTP/Basics_of_HTTP/MIME_types/Common_types for a list of valid MIME types. @ http://localhost:8001/assets/index-Dfxzo6t5.js:9196
[     363ms] [WARNING] Skipped "*/*" because it is not a valid MIME type. Check https://developer.mozilla.org/en-US/docs/Web/HTTP/Basics_of_HTTP/MIME_types/Common_types for a list of valid MIME types. @ http://localhost:8001/assets/index-Dfxzo6t5.js:9196
[     364ms] [WARNING] Skipped "*/*" because it is not a valid MIME type. Check https://developer.mozilla.org/en-US/docs/Web/HTTP/Basics_of_HTTP/MIME_types/Common_types for a list of valid MIME types. @ http://localhost:8001/assets/index-Dfxzo6t5.js:9196
[     365ms] [WARNING] Skipped "*/*" because it is not a valid MIME type. Check https://developer.mozilla.org/en-US/docs/Web/HTTP/Basics_of_HTTP/MIME_types/Common_types for a list of valid MIME types. @ http://localhost:8001/assets/index-Dfxzo6t5.js:9196
[   23669ms] [WARNING] Skipped "*/*" because it is not a valid MIME type. Check https://developer.mozilla.org/en-US/docs/Web/HTTP/Basics_of_HTTP/MIME_types/Common_types for a list of valid MIME types. @ http://localhost:8001/assets/index-Dfxzo6t5.js:9196
[   23676ms] [WARNING] Skipped "*/*" because it is not a valid MIME type. Check https://developer.mozilla.org/en-US/docs/Web/HTTP/Basics_of_HTTP/MIME_types/Common_types for a list of valid MIME types. @ http://localhost:8001/assets/index-Dfxzo6t5.js:9196
[   23678ms] [WARNING] Skipped "*/*" because it is not a valid MIME type. Check https://developer.mozilla.org/en-US/docs/Web/HTTP/Basics_of_HTTP/MIME_types/Common_types for a list of valid MIME types. @ http://localhost:8001/assets/index-Dfxzo6t5.js:9196
[   23690ms] [WARNING] Skipped "*/*" because it is not a valid MIME type. Check https://developer.mozilla.org/en-US/docs/Web/HTTP/Basics_of_HTTP/MIME_types/Common_types for a list of valid MIME types. @ http://localhost:8001/assets/index-Dfxzo6t5.js:9196
[   23691ms] [WARNING] Skipped "*/*" because it is not a valid MIME type. Check https://developer.mozilla.org/en-US/docs/Web/HTTP/Basics_of_HTTP/MIME_types/Common_types for a list of valid MIME types. @ http://localhost:8001/assets/index-Dfxzo6t5.js:9196
[   23694ms] [WARNING] Skipped "*/*" because it is not a valid MIME type. Check https://developer.mozilla.org/en-US/docs/Web/HTTP/Basics_of_HTTP/MIME_types/Common_types for a list of valid MIME types. @ http://localhost:8001/assets/index-Dfxzo6t5.js:9196
[   23696ms] [WARNING] Skipped "*/*" because it is not a valid MIME type. Check https://developer.mozilla.org/en-US/docs/Web/HTTP/Basics_of_HTTP/MIME_types/Common_types for a list of valid MIME types. @ http://localhost:8001/assets/index-Dfxzo6t5.js:9196
[   23698ms] [WARNING] Skipped "*/*" because it is not a valid MIME type. Check https://developer.mozilla.org/en-US/docs/Web/HTTP/Basics_of_HTTP/MIME_types/Common_types for a list of valid MIME types. @ http://localhost:8001/assets/index-Dfxzo6t5.js:9196
[   23698ms] [WARNING] Skipped "*/*" because it is not a valid MIME type. Check https://developer.mozilla.org/en-US/docs/Web/HTTP/Basics_of_HTTP/MIME_types/Common_types for a list of valid MIME types. @ http://localhost:8001/assets/index-Dfxzo6t5.js:9196
[   23699ms] [WARNING] Skipped "*/*" because it is not a valid MIME type. Check https://developer.mozilla.org/en-US/docs/Web/HTTP/Basics_of_HTTP/MIME_types/Common_types for a list of valid MIME types. @ http://localhost:8001/assets/index-Dfxzo6t5.js:9196
[   23700ms] [WARNING] Skipped "*/*" because it is not a valid MIME type. Check https://developer.mozilla.org/en-US/docs/Web/HTTP/Basics_of_HTTP/MIME_types/Common_types for a list of valid MIME types. @ http://localhost:8001/assets/index-Dfxzo6t5.js:9196
[   25434ms] [WARNING] Skipped "*/*" because it is not a valid MIME type. Check https://developer.mozilla.org/en-US/docs/Web/HTTP/Basics_of_HTTP/MIME_types/Common_types for a list of valid MIME types. @ http://localhost:8001/assets/index-Dfxzo6t5.js:9196
[   25436ms] [WARNING] Skipped "*/*" because it is not a valid MIME type. Check https://developer.mozilla.org/en-US/docs/Web/HTTP/Basics_of_HTTP/MIME_types/Common_types for a list of valid MIME types. @ http://localhost:8001/assets/index-Dfxzo6t5.js:9196
[   25439ms] [WARNING] Skipped "*/*" because it is not a valid MIME type. Check https://developer.mozilla.org/en-US/docs/Web/HTTP/Basics_of_HTTP/MIME_types/Common_types for a list of valid MIME types. @ http://localhost:8001/assets/index-Dfxzo6t5.js:9196
[   25441ms] [WARNING] Skipped "*/*" because it is not a valid MIME type. Check https://developer.mozilla.org/en-US/docs/Web/HTTP/Basics_of_HTTP/MIME_types/Common_types for a list of valid MIME types. @ http://localhost:8001/assets/index-Dfxzo6t5.js:9196
[   25442ms] [ERROR] Failed to load resource: the server responded with a status of 400 (Bad Request) @ http://localhost:8001/avatars/%E8%B7%AF%E7%94%B1%E5%88%86%E7%B1%BB:0
[   25442ms] [WARNING] Skipped "*/*" because it is not a valid MIME type. Check https://developer.mozilla.org/en-US/docs/Web/HTTP/Basics_of_HTTP/MIME_types/Common_types for a list of valid MIME types. @ http://localhost:8001/assets/index-Dfxzo6t5.js:9196
[   25443ms] [WARNING] Skipped "*/*" because it is not a valid MIME type. Check https://developer.mozilla.org/en-US/docs/Web/HTTP/Basics_of_HTTP/MIME_types/Common_types for a list of valid MIME types. @ http://localhost:8001/assets/index-Dfxzo6t5.js:9196
[   25445ms] [WARNING] Skipped "*/*" because it is not a valid MIME type. Check https://developer.mozilla.org/en-US/docs/Web/HTTP/Basics_of_HTTP/MIME_types/Common_types for a list of valid MIME types. @ http://localhost:8001/assets/index-Dfxzo6t5.js:9196
[   25445ms] [WARNING] Skipped "*/*" because it is not a valid MIME type. Check https://developer.mozilla.org/en-US/docs/Web/HTTP/Basics_of_HTTP/MIME_types/Common_types for a list of valid MIME types. @ http://localhost:8001/assets/index-Dfxzo6t5.js:9196
[  335364ms] [ERROR] Failed to load resource: net::ERR_CONNECTION_REFUSED @ http://localhost:8001/ws/socket.io/?EIO=4&transport=polling&t=Pritg9M:0
[  335369ms] [WARNING] Skipped "*/*" because it is not a valid MIME type. Check https://developer.mozilla.org/en-US/docs/Web/HTTP/Basics_of_HTTP/MIME_types/Common_types for a list of valid MIME types. @ http://localhost:8001/assets/index-Dfxzo6t5.js:9196
[  335371ms] [WARNING] Skipped "*/*" because it is not a valid MIME type. Check https://developer.mozilla.org/en-US/docs/Web/HTTP/Basics_of_HTTP/MIME_types/Common_types for a list of valid MIME types. @ http://localhost:8001/assets/index-Dfxzo6t5.js:9196
[  338372ms] [WARNING] Skipped "*/*" because it is not a valid MIME type. Check https://developer.mozilla.org/en-US/docs/Web/HTTP/Basics_of_HTTP/MIME_types/Common_types for a list of valid MIME types. @ http://localhost:8001/assets/index-Dfxzo6t5.js:9196
[  338374ms] [WARNING] Skipped "*/*" because it is not a valid MIME type. Check https://developer.mozilla.org/en-US/docs/Web/HTTP/Basics_of_HTTP/MIME_types/Common_types for a list of valid MIME types. @ http://localhost:8001/assets/index-Dfxzo6t5.js:9196
[  338382ms] [WARNING] Skipped "*/*" because it is not a valid MIME type. Check https://developer.mozilla.org/en-US/docs/Web/HTTP/Basics_of_HTTP/MIME_types/Common_types for a list of valid MIME types. @ http://localhost:8001/assets/index-Dfxzo6t5.js:9196
[  338384ms] [WARNING] Skipped "*/*" because it is not a valid MIME type. Check https://developer.mozilla.org/en-US/docs/Web/HTTP/Basics_of_HTTP/MIME_types/Common_types for a list of valid MIME types. @ http://localhost:8001/assets/index-Dfxzo6t5.js:9196
[  338385ms] [WARNING] Skipped "*/*" because it is not a valid MIME type. Check https://developer.mozilla.org/en-US/docs/Web/HTTP/Basics_of_HTTP/MIME_types/Common_types for a list of valid MIME types. @ http://localhost:8001/assets/index-Dfxzo6t5.js:9196
[  338386ms] [WARNING] Skipped "*/*" because it is not a valid MIME type. Check https://developer.mozilla.org/en-US/docs/Web/HTTP/Basics_of_HTTP/MIME_types/Common_types for a list of valid MIME types. @ http://localhost:8001/assets/index-Dfxzo6t5.js:9196
[  338387ms] [WARNING] Skipped "*/*" because it is not a valid MIME type. Check https://developer.mozilla.org/en-US/docs/Web/HTTP/Basics_of_HTTP/MIME_types/Common_types for a list of valid MIME types. @ http://localhost:8001/assets/index-Dfxzo6t5.js:9196
[  338389ms] [WARNING] Skipped "*/*" because it is not a valid MIME type. Check https://developer.mozilla.org/en-US/docs/Web/HTTP/Basics_of_HTTP/MIME_types/Common_types for a list of valid MIME types. @ http://localhost:8001/assets/index-Dfxzo6t5.js:9196
[  338391ms] [WARNING] Skipped "*/*" because it is not a valid MIME type. Check https://developer.mozilla.org/en-US/docs/Web/HTTP/Basics_of_HTTP/MIME_types/Common_types for a list of valid MIME types. @ http://localhost:8001/assets/index-Dfxzo6t5.js:9196
[  338392ms] [WARNING] Skipped "*/*" because it is not a valid MIME type. Check https://developer.mozilla.org/en-US/docs/Web/HTTP/Basics_of_HTTP/MIME_types/Common_types for a list of valid MIME types. @ http://localhost:8001/assets/index-Dfxzo6t5.js:9196
[  338397ms] [WARNING] Skipped "*/*" because it is not a valid MIME type. Check https://developer.mozilla.org/en-US/docs/Web/HTTP/Basics_of_HTTP/MIME_types/Common_types for a list of valid MIME types. @ http://localhost:8001/assets/index-Dfxzo6t5.js:9196
[  338399ms] [WARNING] Skipped "*/*" because it is not a valid MIME type. Check https://developer.mozilla.org/en-US/docs/Web/HTTP/Basics_of_HTTP/MIME_types/Common_types for a list of valid MIME types. @ http://localhost:8001/assets/index-Dfxzo6t5.js:9196
